<?xml version="1.0" encoding="UTF-8"?>
<!-- Generated by org.testng.reporters.JUnitReportReporter -->
<testsuite hostname="DESKTOP-3824BQ8" failures="0" tests="1" name="testRun.LoginRun" time="9.688" errors="0" timestamp="2023-02-23T12:24:30 IST" skipped="0">
  <testcase classname="testRun.LoginRun" name="runScenario" time="9.688"/>
  <system-out/>
</testsuite> <!-- testRun.LoginRun -->
